<?xml version="1.0" encoding="UTF-8"?>
<testng-results skipped="0" failed="0" total="1" passed="1">
  <reporter-output>
  </reporter-output>
  <suite name="Suite1" duration-ms="22770" started-at="2016-10-21T06:01:18Z" finished-at="2016-10-21T06:01:40Z">
    <groups>
    </groups>
    <test name="HighestPriceFirstTest" duration-ms="22770" started-at="2016-10-21T06:01:18Z" finished-at="2016-10-21T06:01:40Z">
      <class name="com.ebay.tests.HighestPriceFirstTest">
        <test-method status="PASS" signature="openBrowser(java.lang.String)[pri:0, instance:com.ebay.tests.HighestPriceFirstTest@2f6728ec]" name="openBrowser" is-config="true" duration-ms="2062" started-at="2016-10-21T11:31:18Z" finished-at="2016-10-21T11:31:20Z">
          <params>
            <param index="0">
              <value>
                <![CDATA[chrome]]>
              </value>
            </param>
          </params>
          <reporter-output>
          </reporter-output>
        </test-method> <!-- openBrowser -->
        <test-method status="PASS" signature="verifyHighestPriceFirst(java.lang.String, java.lang.String, java.lang.String)[pri:0, instance:com.ebay.tests.HighestPriceFirstTest@2f6728ec]" name="verifyHighestPriceFirst" duration-ms="20695" started-at="2016-10-21T11:31:20Z" data-provider="highestPriceFirst" finished-at="2016-10-21T11:31:40Z">
          <params>
            <param index="0">
              <value>
                <![CDATA[http://ebay.in]]>
              </value>
            </param>
            <param index="1">
              <value>
                <![CDATA[pen]]>
              </value>
            </param>
            <param index="2">
              <value>
                <![CDATA[Best Match]]>
              </value>
            </param>
          </params>
          <reporter-output>
          </reporter-output>
        </test-method> <!-- verifyHighestPriceFirst -->
      </class> <!-- com.ebay.tests.HighestPriceFirstTest -->
    </test> <!-- HighestPriceFirstTest -->
  </suite> <!-- Suite1 -->
</testng-results>
